running egg_info
creating ../../build/project_Aruco/project_Aruco.egg-info
writing ../../build/project_Aruco/project_Aruco.egg-info/PKG-INFO
writing dependency_links to ../../build/project_Aruco/project_Aruco.egg-info/dependency_links.txt
writing entry points to ../../build/project_Aruco/project_Aruco.egg-info/entry_points.txt
writing requirements to ../../build/project_Aruco/project_Aruco.egg-info/requires.txt
writing top-level names to ../../build/project_Aruco/project_Aruco.egg-info/top_level.txt
writing manifest file '../../build/project_Aruco/project_Aruco.egg-info/SOURCES.txt'
reading manifest file '../../build/project_Aruco/project_Aruco.egg-info/SOURCES.txt'
writing manifest file '../../build/project_Aruco/project_Aruco.egg-info/SOURCES.txt'
running build
running build_py
creating /home/cankrz/ros2_ws/build/project_Aruco/build
creating /home/cankrz/ros2_ws/build/project_Aruco/build/lib
creating /home/cankrz/ros2_ws/build/project_Aruco/build/lib/project_Aruco
copying project_Aruco/__init__.py -> /home/cankrz/ros2_ws/build/project_Aruco/build/lib/project_Aruco
running install
running install_lib
creating /home/cankrz/ros2_ws/install/project_Aruco/lib/python3.10/site-packages/project_Aruco
copying /home/cankrz/ros2_ws/build/project_Aruco/build/lib/project_Aruco/__init__.py -> /home/cankrz/ros2_ws/install/project_Aruco/lib/python3.10/site-packages/project_Aruco
byte-compiling /home/cankrz/ros2_ws/install/project_Aruco/lib/python3.10/site-packages/project_Aruco/__init__.py to __init__.cpython-310.pyc
running install_data
creating /home/cankrz/ros2_ws/install/project_Aruco/share/ament_index
creating /home/cankrz/ros2_ws/install/project_Aruco/share/ament_index/resource_index
creating /home/cankrz/ros2_ws/install/project_Aruco/share/ament_index/resource_index/packages
copying resource/project_Aruco -> /home/cankrz/ros2_ws/install/project_Aruco/share/ament_index/resource_index/packages
copying package.xml -> /home/cankrz/ros2_ws/install/project_Aruco/share/project_Aruco
running install_egg_info
Copying ../../build/project_Aruco/project_Aruco.egg-info to /home/cankrz/ros2_ws/install/project_Aruco/lib/python3.10/site-packages/project_Aruco-0.0.0-py3.10.egg-info
running install_scripts
writing list of installed files to '/home/cankrz/ros2_ws/build/project_Aruco/install.log'
