[0.464s] Invoking command in '/home/cankrz/ros2_ws/src/project_Aruco': PYTHONPATH=/home/cankrz/ros2_ws/build/project_Aruco/prefix_override:/usr/lib/python3/dist-packages/colcon_core/task/python/colcon_distutils_commands:/home/cankrz/ros2_ws/install/project_Aruco/lib/python3.10/site-packages:${PYTHONPATH} /usr/bin/python3 -W ignore:setup.py install is deprecated setup.py egg_info --egg-base ../../build/project_Aruco build --build-base /home/cankrz/ros2_ws/build/project_Aruco/build install --record /home/cankrz/ros2_ws/build/project_Aruco/install.log --single-version-externally-managed install_data
[0.633s] running egg_info
[0.633s] creating ../../build/project_Aruco/project_Aruco.egg-info
[0.633s] writing ../../build/project_Aruco/project_Aruco.egg-info/PKG-INFO
[0.633s] writing dependency_links to ../../build/project_Aruco/project_Aruco.egg-info/dependency_links.txt
[0.633s] writing entry points to ../../build/project_Aruco/project_Aruco.egg-info/entry_points.txt
[0.633s] writing requirements to ../../build/project_Aruco/project_Aruco.egg-info/requires.txt
[0.634s] writing top-level names to ../../build/project_Aruco/project_Aruco.egg-info/top_level.txt
[0.634s] writing manifest file '../../build/project_Aruco/project_Aruco.egg-info/SOURCES.txt'
[0.635s] reading manifest file '../../build/project_Aruco/project_Aruco.egg-info/SOURCES.txt'
[0.635s] writing manifest file '../../build/project_Aruco/project_Aruco.egg-info/SOURCES.txt'
[0.635s] running build
[0.635s] running build_py
[0.635s] creating /home/cankrz/ros2_ws/build/project_Aruco/build
[0.635s] creating /home/cankrz/ros2_ws/build/project_Aruco/build/lib
[0.635s] creating /home/cankrz/ros2_ws/build/project_Aruco/build/lib/project_Aruco
[0.635s] copying project_Aruco/__init__.py -> /home/cankrz/ros2_ws/build/project_Aruco/build/lib/project_Aruco
[0.635s] running install
[0.636s] running install_lib
[0.636s] creating /home/cankrz/ros2_ws/install/project_Aruco/lib/python3.10/site-packages/project_Aruco
[0.636s] copying /home/cankrz/ros2_ws/build/project_Aruco/build/lib/project_Aruco/__init__.py -> /home/cankrz/ros2_ws/install/project_Aruco/lib/python3.10/site-packages/project_Aruco
[0.637s] byte-compiling /home/cankrz/ros2_ws/install/project_Aruco/lib/python3.10/site-packages/project_Aruco/__init__.py to __init__.cpython-310.pyc
[0.637s] running install_data
[0.637s] creating /home/cankrz/ros2_ws/install/project_Aruco/share/ament_index
[0.637s] creating /home/cankrz/ros2_ws/install/project_Aruco/share/ament_index/resource_index
[0.637s] creating /home/cankrz/ros2_ws/install/project_Aruco/share/ament_index/resource_index/packages
[0.637s] copying resource/project_Aruco -> /home/cankrz/ros2_ws/install/project_Aruco/share/ament_index/resource_index/packages
[0.637s] copying package.xml -> /home/cankrz/ros2_ws/install/project_Aruco/share/project_Aruco
[0.637s] running install_egg_info
[0.638s] Copying ../../build/project_Aruco/project_Aruco.egg-info to /home/cankrz/ros2_ws/install/project_Aruco/lib/python3.10/site-packages/project_Aruco-0.0.0-py3.10.egg-info
[0.639s] running install_scripts
[0.652s] writing list of installed files to '/home/cankrz/ros2_ws/build/project_Aruco/install.log'
[0.671s] Invoked command in '/home/cankrz/ros2_ws/src/project_Aruco' returned '0': PYTHONPATH=/home/cankrz/ros2_ws/build/project_Aruco/prefix_override:/usr/lib/python3/dist-packages/colcon_core/task/python/colcon_distutils_commands:/home/cankrz/ros2_ws/install/project_Aruco/lib/python3.10/site-packages:${PYTHONPATH} /usr/bin/python3 -W ignore:setup.py install is deprecated setup.py egg_info --egg-base ../../build/project_Aruco build --build-base /home/cankrz/ros2_ws/build/project_Aruco/build install --record /home/cankrz/ros2_ws/build/project_Aruco/install.log --single-version-externally-managed install_data
