running egg_info
writing ../../build/project_Aruco/project_Aruco.egg-info/PKG-INFO
writing dependency_links to ../../build/project_Aruco/project_Aruco.egg-info/dependency_links.txt
writing entry points to ../../build/project_Aruco/project_Aruco.egg-info/entry_points.txt
writing requirements to ../../build/project_Aruco/project_Aruco.egg-info/requires.txt
writing top-level names to ../../build/project_Aruco/project_Aruco.egg-info/top_level.txt
reading manifest file '../../build/project_Aruco/project_Aruco.egg-info/SOURCES.txt'
writing manifest file '../../build/project_Aruco/project_Aruco.egg-info/SOURCES.txt'
running build
running build_py
running install
running install_lib
running install_data
running install_egg_info
removing '/home/cankrz/ros2_ws/install/project_Aruco/lib/python3.10/site-packages/project_Aruco-0.0.0-py3.10.egg-info' (and everything under it)
Copying ../../build/project_Aruco/project_Aruco.egg-info to /home/cankrz/ros2_ws/install/project_Aruco/lib/python3.10/site-packages/project_Aruco-0.0.0-py3.10.egg-info
running install_scripts
Installing aruco_detection script to /home/cankrz/ros2_ws/install/project_Aruco/lib/project_Aruco
Installing listener_node script to /home/cankrz/ros2_ws/install/project_Aruco/lib/project_Aruco
writing list of installed files to '/home/cankrz/ros2_ws/build/project_Aruco/install.log'
