[0.424s] Invoking command in '/home/cankrz/ros2_ws/build/project_Aruco': PYTHONPATH=/home/cankrz/ros2_ws/build/project_Aruco/prefix_override:/usr/lib/python3/dist-packages/colcon_core/task/python/colcon_distutils_commands:/home/cankrz/ros2_ws/install/project_Aruco/lib/python3.10/site-packages:${PYTHONPATH} /usr/bin/python3 -W ignore:setup.py install is deprecated setup.py develop --editable --build-directory /home/cankrz/ros2_ws/build/project_Aruco/build --no-deps symlink_data
[0.610s] running develop
[0.610s] /home/cankrz/.local/lib/python3.10/site-packages/setuptools/command/easy_install.py:156: EasyInstallDeprecationWarning: easy_install command is deprecated. Use build and pip and other standards-based tools.
[0.610s]   warnings.warn(
[0.728s] running egg_info
[0.728s] writing project_Aruco.egg-info/PKG-INFO
[0.728s] writing dependency_links to project_Aruco.egg-info/dependency_links.txt
[0.728s] writing entry points to project_Aruco.egg-info/entry_points.txt
[0.728s] writing requirements to project_Aruco.egg-info/requires.txt
[0.728s] writing top-level names to project_Aruco.egg-info/top_level.txt
[0.730s] reading manifest file 'project_Aruco.egg-info/SOURCES.txt'
[0.730s] writing manifest file 'project_Aruco.egg-info/SOURCES.txt'
[0.731s] running build_ext
[0.731s] Creating /home/cankrz/ros2_ws/install/project_Aruco/lib/python3.10/site-packages/project-Aruco.egg-link (link to .)
[0.732s] Installing listener_node script to /home/cankrz/ros2_ws/install/project_Aruco/lib/project_Aruco
[0.732s] Installing talker_node script to /home/cankrz/ros2_ws/install/project_Aruco/lib/project_Aruco
[0.732s] 
[0.732s] Installed /home/cankrz/ros2_ws/build/project_Aruco
[0.732s] running symlink_data
[0.753s] Invoked command in '/home/cankrz/ros2_ws/build/project_Aruco' returned '0': PYTHONPATH=/home/cankrz/ros2_ws/build/project_Aruco/prefix_override:/usr/lib/python3/dist-packages/colcon_core/task/python/colcon_distutils_commands:/home/cankrz/ros2_ws/install/project_Aruco/lib/python3.10/site-packages:${PYTHONPATH} /usr/bin/python3 -W ignore:setup.py install is deprecated setup.py develop --editable --build-directory /home/cankrz/ros2_ws/build/project_Aruco/build --no-deps symlink_data
