[0.460s] Invoking command in '/home/cankrz/ros2_ws/src/project_Aruco': PYTHONPATH=/home/cankrz/ros2_ws/build/project_Aruco/prefix_override:/usr/lib/python3/dist-packages/colcon_core/task/python/colcon_distutils_commands:/home/cankrz/ros2_ws/install/project_Aruco/lib/python3.10/site-packages:${PYTHONPATH} /usr/bin/python3 -W ignore:setup.py install is deprecated setup.py egg_info --egg-base ../../build/project_Aruco build --build-base /home/cankrz/ros2_ws/build/project_Aruco/build install --record /home/cankrz/ros2_ws/build/project_Aruco/install.log --single-version-externally-managed install_data
[0.637s] running egg_info
[0.637s] writing ../../build/project_Aruco/project_Aruco.egg-info/PKG-INFO
[0.637s] writing dependency_links to ../../build/project_Aruco/project_Aruco.egg-info/dependency_links.txt
[0.637s] writing entry points to ../../build/project_Aruco/project_Aruco.egg-info/entry_points.txt
[0.637s] writing requirements to ../../build/project_Aruco/project_Aruco.egg-info/requires.txt
[0.638s] writing top-level names to ../../build/project_Aruco/project_Aruco.egg-info/top_level.txt
[0.639s] reading manifest file '../../build/project_Aruco/project_Aruco.egg-info/SOURCES.txt'
[0.639s] writing manifest file '../../build/project_Aruco/project_Aruco.egg-info/SOURCES.txt'
[0.639s] running build
[0.640s] running build_py
[0.640s] copying project_Aruco/my_first_node.py -> /home/cankrz/ros2_ws/build/project_Aruco/build/lib/project_Aruco
[0.640s] running install
[0.640s] running install_lib
[0.640s] copying /home/cankrz/ros2_ws/build/project_Aruco/build/lib/project_Aruco/my_first_node.py -> /home/cankrz/ros2_ws/install/project_Aruco/lib/python3.10/site-packages/project_Aruco
[0.641s] byte-compiling /home/cankrz/ros2_ws/install/project_Aruco/lib/python3.10/site-packages/project_Aruco/my_first_node.py to my_first_node.cpython-310.pyc
[0.641s] running install_data
[0.641s] running install_egg_info
[0.643s] removing '/home/cankrz/ros2_ws/install/project_Aruco/lib/python3.10/site-packages/project_Aruco-0.0.0-py3.10.egg-info' (and everything under it)
[0.643s] Copying ../../build/project_Aruco/project_Aruco.egg-info to /home/cankrz/ros2_ws/install/project_Aruco/lib/python3.10/site-packages/project_Aruco-0.0.0-py3.10.egg-info
[0.643s] running install_scripts
[0.657s] Installing test_node script to /home/cankrz/ros2_ws/install/project_Aruco/lib/project_Aruco
[0.657s] writing list of installed files to '/home/cankrz/ros2_ws/build/project_Aruco/install.log'
[0.677s] Invoked command in '/home/cankrz/ros2_ws/src/project_Aruco' returned '0': PYTHONPATH=/home/cankrz/ros2_ws/build/project_Aruco/prefix_override:/usr/lib/python3/dist-packages/colcon_core/task/python/colcon_distutils_commands:/home/cankrz/ros2_ws/install/project_Aruco/lib/python3.10/site-packages:${PYTHONPATH} /usr/bin/python3 -W ignore:setup.py install is deprecated setup.py egg_info --egg-base ../../build/project_Aruco build --build-base /home/cankrz/ros2_ws/build/project_Aruco/build install --record /home/cankrz/ros2_ws/build/project_Aruco/install.log --single-version-externally-managed install_data
