[0.452s] Invoking command in '/home/cankrz/ros2_ws/src/project_Aruco': PYTHONPATH=/home/cankrz/ros2_ws/build/project_Aruco/prefix_override:/usr/lib/python3/dist-packages/colcon_core/task/python/colcon_distutils_commands:/home/cankrz/ros2_ws/install/project_Aruco/lib/python3.10/site-packages:${PYTHONPATH} /usr/bin/python3 -W ignore:setup.py install is deprecated setup.py egg_info --egg-base ../../build/project_Aruco build --build-base /home/cankrz/ros2_ws/build/project_Aruco/build install --record /home/cankrz/ros2_ws/build/project_Aruco/install.log --single-version-externally-managed install_data
[0.618s] running egg_info
[0.618s] writing ../../build/project_Aruco/project_Aruco.egg-info/PKG-INFO
[0.624s] writing dependency_links to ../../build/project_Aruco/project_Aruco.egg-info/dependency_links.txt
[0.624s] writing entry points to ../../build/project_Aruco/project_Aruco.egg-info/entry_points.txt
[0.624s] writing requirements to ../../build/project_Aruco/project_Aruco.egg-info/requires.txt
[0.624s] writing top-level names to ../../build/project_Aruco/project_Aruco.egg-info/top_level.txt
[0.625s] reading manifest file '../../build/project_Aruco/project_Aruco.egg-info/SOURCES.txt'
[0.626s] writing manifest file '../../build/project_Aruco/project_Aruco.egg-info/SOURCES.txt'
[0.626s] running build
[0.626s] running build_py
[0.626s] copying project_Aruco/integrated_aruco_detection.py -> /home/cankrz/ros2_ws/build/project_Aruco/build/lib/project_Aruco
[0.626s] running install
[0.627s] running install_lib
[0.627s] copying /home/cankrz/ros2_ws/build/project_Aruco/build/lib/project_Aruco/integrated_aruco_detection.py -> /home/cankrz/ros2_ws/install/project_Aruco/lib/python3.10/site-packages/project_Aruco
[0.628s] byte-compiling /home/cankrz/ros2_ws/install/project_Aruco/lib/python3.10/site-packages/project_Aruco/integrated_aruco_detection.py to integrated_aruco_detection.cpython-310.pyc
[0.629s] running install_data
[0.629s] running install_egg_info
[0.630s] removing '/home/cankrz/ros2_ws/install/project_Aruco/lib/python3.10/site-packages/project_Aruco-0.0.0-py3.10.egg-info' (and everything under it)
[0.631s] Copying ../../build/project_Aruco/project_Aruco.egg-info to /home/cankrz/ros2_ws/install/project_Aruco/lib/python3.10/site-packages/project_Aruco-0.0.0-py3.10.egg-info
[0.632s] running install_scripts
[0.645s] Installing aruco_detection script to /home/cankrz/ros2_ws/install/project_Aruco/lib/project_Aruco
[0.645s] Installing listener_node script to /home/cankrz/ros2_ws/install/project_Aruco/lib/project_Aruco
[0.645s] Installing talker_node script to /home/cankrz/ros2_ws/install/project_Aruco/lib/project_Aruco
[0.645s] writing list of installed files to '/home/cankrz/ros2_ws/build/project_Aruco/install.log'
[0.662s] Invoked command in '/home/cankrz/ros2_ws/src/project_Aruco' returned '0': PYTHONPATH=/home/cankrz/ros2_ws/build/project_Aruco/prefix_override:/usr/lib/python3/dist-packages/colcon_core/task/python/colcon_distutils_commands:/home/cankrz/ros2_ws/install/project_Aruco/lib/python3.10/site-packages:${PYTHONPATH} /usr/bin/python3 -W ignore:setup.py install is deprecated setup.py egg_info --egg-base ../../build/project_Aruco build --build-base /home/cankrz/ros2_ws/build/project_Aruco/build install --record /home/cankrz/ros2_ws/build/project_Aruco/install.log --single-version-externally-managed install_data
