[0.454s] Invoking command in '/home/cankrz/ros2_ws/build/project_Aruco': PYTHONPATH=/home/cankrz/ros2_ws/build/project_Aruco/prefix_override:/usr/lib/python3/dist-packages/colcon_core/task/python/colcon_distutils_commands:/home/cankrz/ros2_ws/install/project_Aruco/lib/python3.10/site-packages:${PYTHONPATH} /usr/bin/python3 -W ignore:setup.py install is deprecated setup.py develop --editable --build-directory /home/cankrz/ros2_ws/build/project_Aruco/build --no-deps symlink_data --force
[0.646s] running develop
[0.646s] /home/cankrz/.local/lib/python3.10/site-packages/setuptools/command/easy_install.py:156: EasyInstallDeprecationWarning: easy_install command is deprecated. Use build and pip and other standards-based tools.
[0.646s]   warnings.warn(
[0.762s] running egg_info
[0.762s] writing project_Aruco.egg-info/PKG-INFO
[0.762s] writing dependency_links to project_Aruco.egg-info/dependency_links.txt
[0.762s] writing entry points to project_Aruco.egg-info/entry_points.txt
[0.762s] writing requirements to project_Aruco.egg-info/requires.txt
[0.762s] writing top-level names to project_Aruco.egg-info/top_level.txt
[0.764s] reading manifest file 'project_Aruco.egg-info/SOURCES.txt'
[0.764s] writing manifest file 'project_Aruco.egg-info/SOURCES.txt'
[0.765s] running build_ext
[0.765s] Creating /home/cankrz/ros2_ws/install/project_Aruco/lib/python3.10/site-packages/project-Aruco.egg-link (link to .)
[0.766s] Installing test_node script to /home/cankrz/ros2_ws/install/project_Aruco/lib/project_Aruco
[0.766s] 
[0.766s] Installed /home/cankrz/ros2_ws/build/project_Aruco
[0.766s] running symlink_data
[0.766s] symbolically linking /home/cankrz/ros2_ws/build/project_Aruco/resource/project_Aruco -> /home/cankrz/ros2_ws/install/project_Aruco/share/ament_index/resource_index/packages
[0.766s] symbolically linking /home/cankrz/ros2_ws/build/project_Aruco/package.xml -> /home/cankrz/ros2_ws/install/project_Aruco/share/project_Aruco
[0.790s] Invoked command in '/home/cankrz/ros2_ws/build/project_Aruco' returned '0': PYTHONPATH=/home/cankrz/ros2_ws/build/project_Aruco/prefix_override:/usr/lib/python3/dist-packages/colcon_core/task/python/colcon_distutils_commands:/home/cankrz/ros2_ws/install/project_Aruco/lib/python3.10/site-packages:${PYTHONPATH} /usr/bin/python3 -W ignore:setup.py install is deprecated setup.py develop --editable --build-directory /home/cankrz/ros2_ws/build/project_Aruco/build --no-deps symlink_data --force
