running develop
Removing /home/cankrz/ros2_ws/install/project_Aruco/lib/python3.10/site-packages/project-Aruco.egg-link (link to .)
running egg_info
writing ../../build/project_Aruco/project_Aruco.egg-info/PKG-INFO
writing dependency_links to ../../build/project_Aruco/project_Aruco.egg-info/dependency_links.txt
writing entry points to ../../build/project_Aruco/project_Aruco.egg-info/entry_points.txt
writing requirements to ../../build/project_Aruco/project_Aruco.egg-info/requires.txt
writing top-level names to ../../build/project_Aruco/project_Aruco.egg-info/top_level.txt
reading manifest file '../../build/project_Aruco/project_Aruco.egg-info/SOURCES.txt'
writing manifest file '../../build/project_Aruco/project_Aruco.egg-info/SOURCES.txt'
running build
running build_py
copying project_Aruco/talker_node.py -> /home/cankrz/ros2_ws/build/project_Aruco/build/lib/project_Aruco
copying project_Aruco/listener_node.py -> /home/cankrz/ros2_ws/build/project_Aruco/build/lib/project_Aruco
copying project_Aruco/integrated_aruco_detection.py -> /home/cankrz/ros2_ws/build/project_Aruco/build/lib/project_Aruco
copying project_Aruco/arucoDetection.py -> /home/cankrz/ros2_ws/build/project_Aruco/build/lib/project_Aruco
running install
running install_lib
creating /home/cankrz/ros2_ws/install/project_Aruco/lib/python3.10/site-packages/project_Aruco
copying /home/cankrz/ros2_ws/build/project_Aruco/build/lib/project_Aruco/talker_node.py -> /home/cankrz/ros2_ws/install/project_Aruco/lib/python3.10/site-packages/project_Aruco
copying /home/cankrz/ros2_ws/build/project_Aruco/build/lib/project_Aruco/listener_node.py -> /home/cankrz/ros2_ws/install/project_Aruco/lib/python3.10/site-packages/project_Aruco
copying /home/cankrz/ros2_ws/build/project_Aruco/build/lib/project_Aruco/integrated_aruco_detection.py -> /home/cankrz/ros2_ws/install/project_Aruco/lib/python3.10/site-packages/project_Aruco
copying /home/cankrz/ros2_ws/build/project_Aruco/build/lib/project_Aruco/arucoDetection.py -> /home/cankrz/ros2_ws/install/project_Aruco/lib/python3.10/site-packages/project_Aruco
copying /home/cankrz/ros2_ws/build/project_Aruco/build/lib/project_Aruco/__init__.py -> /home/cankrz/ros2_ws/install/project_Aruco/lib/python3.10/site-packages/project_Aruco
copying /home/cankrz/ros2_ws/build/project_Aruco/build/lib/project_Aruco/my_first_node.py -> /home/cankrz/ros2_ws/install/project_Aruco/lib/python3.10/site-packages/project_Aruco
byte-compiling /home/cankrz/ros2_ws/install/project_Aruco/lib/python3.10/site-packages/project_Aruco/talker_node.py to talker_node.cpython-310.pyc
byte-compiling /home/cankrz/ros2_ws/install/project_Aruco/lib/python3.10/site-packages/project_Aruco/listener_node.py to listener_node.cpython-310.pyc
byte-compiling /home/cankrz/ros2_ws/install/project_Aruco/lib/python3.10/site-packages/project_Aruco/integrated_aruco_detection.py to integrated_aruco_detection.cpython-310.pyc
byte-compiling /home/cankrz/ros2_ws/install/project_Aruco/lib/python3.10/site-packages/project_Aruco/arucoDetection.py to arucoDetection.cpython-310.pyc
byte-compiling /home/cankrz/ros2_ws/install/project_Aruco/lib/python3.10/site-packages/project_Aruco/__init__.py to __init__.cpython-310.pyc
byte-compiling /home/cankrz/ros2_ws/install/project_Aruco/lib/python3.10/site-packages/project_Aruco/my_first_node.py to my_first_node.cpython-310.pyc
running install_data
copying resource/project_Aruco -> /home/cankrz/ros2_ws/install/project_Aruco/share/ament_index/resource_index/packages
copying package.xml -> /home/cankrz/ros2_ws/install/project_Aruco/share/project_Aruco
running install_egg_info
Copying ../../build/project_Aruco/project_Aruco.egg-info to /home/cankrz/ros2_ws/install/project_Aruco/lib/python3.10/site-packages/project_Aruco-0.0.0-py3.10.egg-info
running install_scripts
Installing aruco_detection script to /home/cankrz/ros2_ws/install/project_Aruco/lib/project_Aruco
Installing listener_node script to /home/cankrz/ros2_ws/install/project_Aruco/lib/project_Aruco
Installing talker_node script to /home/cankrz/ros2_ws/install/project_Aruco/lib/project_Aruco
writing list of installed files to '/home/cankrz/ros2_ws/build/project_Aruco/install.log'
