[0.461s] Invoking command in '/home/cankrz/ros2_ws/build/project_Aruco': PYTHONPATH=/home/cankrz/ros2_ws/build/project_Aruco/prefix_override:/usr/lib/python3/dist-packages/colcon_core/task/python/colcon_distutils_commands:/home/cankrz/ros2_ws/install/project_Aruco/lib/python3.10/site-packages:${PYTHONPATH} /usr/bin/python3 -W ignore:setup.py install is deprecated setup.py develop --uninstall --editable --build-directory /home/cankrz/ros2_ws/build/project_Aruco/build
[0.650s] running develop
[0.656s] /home/cankrz/.local/lib/python3.10/site-packages/setuptools/command/easy_install.py:156: EasyInstallDeprecationWarning: easy_install command is deprecated. Use build and pip and other standards-based tools.
[0.656s]   warnings.warn(
[0.774s] Removing /home/cankrz/ros2_ws/install/project_Aruco/lib/python3.10/site-packages/project-Aruco.egg-link (link to .)
[0.794s] Invoked command in '/home/cankrz/ros2_ws/build/project_Aruco' returned '0': PYTHONPATH=/home/cankrz/ros2_ws/build/project_Aruco/prefix_override:/usr/lib/python3/dist-packages/colcon_core/task/python/colcon_distutils_commands:/home/cankrz/ros2_ws/install/project_Aruco/lib/python3.10/site-packages:${PYTHONPATH} /usr/bin/python3 -W ignore:setup.py install is deprecated setup.py develop --uninstall --editable --build-directory /home/cankrz/ros2_ws/build/project_Aruco/build
[0.795s] Invoking command in '/home/cankrz/ros2_ws/src/project_Aruco': PYTHONPATH=/home/cankrz/ros2_ws/build/project_Aruco/prefix_override:/usr/lib/python3/dist-packages/colcon_core/task/python/colcon_distutils_commands:/home/cankrz/ros2_ws/install/project_Aruco/lib/python3.10/site-packages:${PYTHONPATH} /usr/bin/python3 -W ignore:setup.py install is deprecated setup.py egg_info --egg-base ../../build/project_Aruco build --build-base /home/cankrz/ros2_ws/build/project_Aruco/build install --record /home/cankrz/ros2_ws/build/project_Aruco/install.log --single-version-externally-managed install_data --force
[0.957s] running egg_info
[0.958s] writing ../../build/project_Aruco/project_Aruco.egg-info/PKG-INFO
[0.958s] writing dependency_links to ../../build/project_Aruco/project_Aruco.egg-info/dependency_links.txt
[0.958s] writing entry points to ../../build/project_Aruco/project_Aruco.egg-info/entry_points.txt
[0.958s] writing requirements to ../../build/project_Aruco/project_Aruco.egg-info/requires.txt
[0.958s] writing top-level names to ../../build/project_Aruco/project_Aruco.egg-info/top_level.txt
[0.959s] reading manifest file '../../build/project_Aruco/project_Aruco.egg-info/SOURCES.txt'
[0.964s] writing manifest file '../../build/project_Aruco/project_Aruco.egg-info/SOURCES.txt'
[0.964s] running build
[0.964s] running build_py
[0.964s] copying project_Aruco/talker_node.py -> /home/cankrz/ros2_ws/build/project_Aruco/build/lib/project_Aruco
[0.964s] copying project_Aruco/listener_node.py -> /home/cankrz/ros2_ws/build/project_Aruco/build/lib/project_Aruco
[0.964s] copying project_Aruco/integrated_aruco_detection.py -> /home/cankrz/ros2_ws/build/project_Aruco/build/lib/project_Aruco
[0.964s] copying project_Aruco/arucoDetection.py -> /home/cankrz/ros2_ws/build/project_Aruco/build/lib/project_Aruco
[0.964s] running install
[0.964s] running install_lib
[0.965s] creating /home/cankrz/ros2_ws/install/project_Aruco/lib/python3.10/site-packages/project_Aruco
[0.965s] copying /home/cankrz/ros2_ws/build/project_Aruco/build/lib/project_Aruco/talker_node.py -> /home/cankrz/ros2_ws/install/project_Aruco/lib/python3.10/site-packages/project_Aruco
[0.965s] copying /home/cankrz/ros2_ws/build/project_Aruco/build/lib/project_Aruco/listener_node.py -> /home/cankrz/ros2_ws/install/project_Aruco/lib/python3.10/site-packages/project_Aruco
[0.965s] copying /home/cankrz/ros2_ws/build/project_Aruco/build/lib/project_Aruco/integrated_aruco_detection.py -> /home/cankrz/ros2_ws/install/project_Aruco/lib/python3.10/site-packages/project_Aruco
[0.965s] copying /home/cankrz/ros2_ws/build/project_Aruco/build/lib/project_Aruco/arucoDetection.py -> /home/cankrz/ros2_ws/install/project_Aruco/lib/python3.10/site-packages/project_Aruco
[0.965s] copying /home/cankrz/ros2_ws/build/project_Aruco/build/lib/project_Aruco/__init__.py -> /home/cankrz/ros2_ws/install/project_Aruco/lib/python3.10/site-packages/project_Aruco
[0.965s] copying /home/cankrz/ros2_ws/build/project_Aruco/build/lib/project_Aruco/my_first_node.py -> /home/cankrz/ros2_ws/install/project_Aruco/lib/python3.10/site-packages/project_Aruco
[0.965s] byte-compiling /home/cankrz/ros2_ws/install/project_Aruco/lib/python3.10/site-packages/project_Aruco/talker_node.py to talker_node.cpython-310.pyc
[0.966s] byte-compiling /home/cankrz/ros2_ws/install/project_Aruco/lib/python3.10/site-packages/project_Aruco/listener_node.py to listener_node.cpython-310.pyc
[0.966s] byte-compiling /home/cankrz/ros2_ws/install/project_Aruco/lib/python3.10/site-packages/project_Aruco/integrated_aruco_detection.py to integrated_aruco_detection.cpython-310.pyc
[0.967s] byte-compiling /home/cankrz/ros2_ws/install/project_Aruco/lib/python3.10/site-packages/project_Aruco/arucoDetection.py to arucoDetection.cpython-310.pyc
[0.968s] byte-compiling /home/cankrz/ros2_ws/install/project_Aruco/lib/python3.10/site-packages/project_Aruco/__init__.py to __init__.cpython-310.pyc
[0.968s] byte-compiling /home/cankrz/ros2_ws/install/project_Aruco/lib/python3.10/site-packages/project_Aruco/my_first_node.py to my_first_node.cpython-310.pyc
[0.968s] running install_data
[0.968s] copying resource/project_Aruco -> /home/cankrz/ros2_ws/install/project_Aruco/share/ament_index/resource_index/packages
[0.968s] copying package.xml -> /home/cankrz/ros2_ws/install/project_Aruco/share/project_Aruco
[0.968s] running install_egg_info
[0.970s] Copying ../../build/project_Aruco/project_Aruco.egg-info to /home/cankrz/ros2_ws/install/project_Aruco/lib/python3.10/site-packages/project_Aruco-0.0.0-py3.10.egg-info
[0.970s] running install_scripts
[0.983s] Installing aruco_detection script to /home/cankrz/ros2_ws/install/project_Aruco/lib/project_Aruco
[0.983s] Installing listener_node script to /home/cankrz/ros2_ws/install/project_Aruco/lib/project_Aruco
[0.983s] Installing talker_node script to /home/cankrz/ros2_ws/install/project_Aruco/lib/project_Aruco
[0.983s] writing list of installed files to '/home/cankrz/ros2_ws/build/project_Aruco/install.log'
[0.999s] Invoked command in '/home/cankrz/ros2_ws/src/project_Aruco' returned '0': PYTHONPATH=/home/cankrz/ros2_ws/build/project_Aruco/prefix_override:/usr/lib/python3/dist-packages/colcon_core/task/python/colcon_distutils_commands:/home/cankrz/ros2_ws/install/project_Aruco/lib/python3.10/site-packages:${PYTHONPATH} /usr/bin/python3 -W ignore:setup.py install is deprecated setup.py egg_info --egg-base ../../build/project_Aruco build --build-base /home/cankrz/ros2_ws/build/project_Aruco/build install --record /home/cankrz/ros2_ws/build/project_Aruco/install.log --single-version-externally-managed install_data --force
